  Camera.cpp
  Main.cpp
  Scene.cpp
C:\Program Files\Microsoft Visual Studio\2022\Enterprise\VC\Tools\MSVC\14.38.33130\include\memory(3465,35): error C2665: 'Sphere::Sphere': no overloaded function could convert all the argument types
  (compiling source file 'Main.cpp')
  C:\Users\Nic\Documents\Neumont\4_Fall 2023\GAT350 - Graphics Programming\RayTracer\RayTracer\Source\RayTracer\Sphere.h(8,2):
  could be 'Sphere::Sphere(const glm::vec3 &,float,std::shared_ptr<Material>)'
  	C:\Program Files\Microsoft Visual Studio\2022\Enterprise\VC\Tools\MSVC\14.38.33130\include\memory(3465,35):
  	'Sphere::Sphere(const glm::vec3 &,float,std::shared_ptr<Material>)': cannot convert argument 2 from '_Ty' to 'float'
          with
          [
              _Ty=glm::vec3
          ]
  		C:\Program Files\Microsoft Visual Studio\2022\Enterprise\VC\Tools\MSVC\14.38.33130\include\memory(3465,56):
  		No user-defined-conversion operator available that can perform this conversion, or the operator cannot be called
  C:\Program Files\Microsoft Visual Studio\2022\Enterprise\VC\Tools\MSVC\14.38.33130\include\memory(3465,35):
  while trying to match the argument list '(_Ty, _Ty, std::shared_ptr<Lambertian>)'
          with
          [
              _Ty=glm::vec3
          ]
  C:\Program Files\Microsoft Visual Studio\2022\Enterprise\VC\Tools\MSVC\14.38.33130\include\memory(3465,35):
  the template instantiation context (the oldest one first) is
  	C:\Users\Nic\Documents\Neumont\4_Fall 2023\GAT350 - Graphics Programming\RayTracer\RayTracer\Source\RayTracer\Main.cpp(64,22):
  	see reference to function template instantiation 'std::unique_ptr<Sphere,std::default_delete<Sphere>> std::make_unique<Sphere,glm::vec3,glm::vec3,std::shared_ptr<Lambertian>&,0>(glm::vec3 &&,glm::vec3 &&,std::shared_ptr<Lambertian> &)' being compiled
  
  Sphere.cpp
  Generating Code...
